Using pre-set license
Built from '2020.3/staging' branch; Version is '2020.3.4f1 (0abb6314276a) revision 703331'; Using compiler version '192528614'; Build Type 'Release'
OS: 'Windows 10 Home; OS build 19043.1348; Version 2009; 64bit' Language: 'en' Physical Memory: 16267 MB
BatchMode: 1, IsHumanControllingUs: 0, StartBugReporterOnCrash: 0, Is64bit: 1, IsPro: 0

 COMMAND LINE ARGUMENTS:
C:\Program Files\Unity\Hub\Editor\2020.3.4f1\Editor\Unity.exe
-adb2
-batchMode
-noUpm
-name
AssetImportWorker0
-projectPath
D:/Laf Games/Sling Box
-logFile
Logs/AssetImportWorker0.log
-srvPort
63446
Successfully changed project path to: D:/Laf Games/Sling Box
D:/Laf Games/Sling Box
Using Asset Import Pipeline V2.
Refreshing native plugins compatible for Editor in 54.08 ms, found 0 plugins.
Preloading 0 native plugins for Editor in 0.00 ms.
Initialize engine version: 2020.3.4f1 (0abb6314276a)
[Subsystems] Discovering subsystems at path C:/Program Files/Unity/Hub/Editor/2020.3.4f1/Editor/Data/Resources/UnitySubsystems
[Subsystems] Discovering subsystems at path D:/Laf Games/Sling Box/Assets
GfxDevice: creating device client; threaded=0
Direct3D:
    Version:  Direct3D 11.0 [level 11.1]
    Renderer: NVIDIA GeForce GTX 1050 (ID=0x1c8d)
    Vendor:   
    VRAM:     4019 MB
    Driver:   30.0.14.9649
Initialize mono
Mono path[0] = 'C:/Program Files/Unity/Hub/Editor/2020.3.4f1/Editor/Data/Managed'
Mono path[1] = 'C:/Program Files/Unity/Hub/Editor/2020.3.4f1/Editor/Data/MonoBleedingEdge/lib/mono/unityjit'
Mono config path = 'C:/Program Files/Unity/Hub/Editor/2020.3.4f1/Editor/Data/MonoBleedingEdge/etc'
Using monoOptions --debugger-agent=transport=dt_socket,embedding=1,server=y,suspend=n,address=127.0.0.1:56160
Begin MonoManager ReloadAssembly
Registering precompiled unity dll's ...
Register platform support module: C:/Program Files/Unity/Hub/Editor/2020.3.4f1/Editor/Data/PlaybackEngines/WebGLSupport/UnityEditor.WebGL.Extensions.dll
Register platform support module: C:/Program Files/Unity/Hub/Editor/2020.3.4f1/Editor/Data/PlaybackEngines/WindowsStandaloneSupport/UnityEditor.WindowsStandalone.Extensions.dll
Registered in 0.003301 seconds.
Native extension for WindowsStandalone target not found
Native extension for WebGL target not found
Refreshing native plugins compatible for Editor in 42.51 ms, found 0 plugins.
Preloading 0 native plugins for Editor in 0.00 ms.
Mono: successfully reloaded assembly
- Completed reload, in  3.095 seconds
Platform modules already initialized, skipping
Registering precompiled user dll's ...
Registered in 0.006526 seconds.
Begin MonoManager ReloadAssembly
Native extension for WindowsStandalone target not found
Native extension for WebGL target not found
Refreshing native plugins compatible for Editor in 37.92 ms, found 0 plugins.
Preloading 0 native plugins for Editor in 0.00 ms.
Mono: successfully reloaded assembly
- Completed reload, in  0.957 seconds
Platform modules already initialized, skipping
========================================================================
Worker process is ready to serve import requests
Launched and connected shader compiler UnityShaderCompiler.exe after 0.06 seconds
Refreshing native plugins compatible for Editor in 0.66 ms, found 0 plugins.
Preloading 0 native plugins for Editor in 0.00 ms.
Unloading 1338 Unused Serialized files (Serialized files now loaded: 0)
System memory in use before: 65.5 MB.
System memory in use after: 65.6 MB.

Unloading 67 unused Assets to reduce memory usage. Loaded Objects now: 1734.
Total: 2.148000 ms (FindLiveObjects: 0.175400 ms CreateObjectMapping: 0.088500 ms MarkObjects: 1.740100 ms  DeleteObjects: 0.142800 ms)

========================================================================
Received Import Request.
  path: Assets/Adjust
  artifactKey: Guid(afa9a7bf66bb7014b8c8c293350bddb0) Importer(815301076,1909f56bfc062723c751e8b465ee728b)
Start importing Assets/Adjust using Guid(afa9a7bf66bb7014b8c8c293350bddb0) Importer(815301076,1909f56bfc062723c751e8b465ee728b)  -> (artifact id: 'baf5758e8e206e7691b66dc01b045212') in 0.009388 seconds
  Import took 0.012012 seconds .

========================================================================
Received Import Request.
  Time since last request: 71.561989 seconds.
  path: Assets/Scripts/AdjustManager.cs
  artifactKey: Guid(980c5a9519acd0e4997002a8d3d8373b) Importer(815301076,1909f56bfc062723c751e8b465ee728b)
Start importing Assets/Scripts/AdjustManager.cs using Guid(980c5a9519acd0e4997002a8d3d8373b) Importer(815301076,1909f56bfc062723c751e8b465ee728b)  -> (artifact id: '08bb8f73f54b2d1821e64c7b8ae49af8') in 0.039647 seconds
  Import took 0.045080 seconds .

========================================================================
Received Prepare
Registering precompiled user dll's ...
Registered in 0.003590 seconds.
Begin MonoManager ReloadAssembly
Native extension for WindowsStandalone target not found
Native extension for WebGL target not found
Refreshing native plugins compatible for Editor in 1.08 ms, found 0 plugins.
Preloading 0 native plugins for Editor in 0.00 ms.
Mono: successfully reloaded assembly
- Completed reload, in  2.039 seconds
Platform modules already initialized, skipping
Switching build target platform(5) subTarget(0) extendedPlatform(0) -> platform(13) subTarget(589824) extendedPlatform(0)
Refreshing native plugins compatible for Editor in 0.70 ms, found 0 plugins.
Preloading 0 native plugins for Editor in 0.00 ms.
Unloading 1284 Unused Serialized files (Serialized files now loaded: 0)
System memory in use before: 63.9 MB.
System memory in use after: 64.0 MB.

Unloading 53 unused Assets to reduce memory usage. Loaded Objects now: 1717.
Total: 2.747500 ms (FindLiveObjects: 0.279400 ms CreateObjectMapping: 0.110500 ms MarkObjects: 2.301900 ms  DeleteObjects: 0.053500 ms)

AssetImportParameters requested are different than current active one (requested -> active):
  custom:graphics/normal-map-encoding: 01000000000000000000000000000000 -> 02000000000000000000000000000000
========================================================================
Received Import Request.
  Time since last request: 24.542752 seconds.
  path: Assets/Game Assets
  artifactKey: Guid(3cc314754fb1139488f0b939d95fb149) Importer(815301076,1909f56bfc062723c751e8b465ee728b)
Start importing Assets/Game Assets using Guid(3cc314754fb1139488f0b939d95fb149) Importer(815301076,1909f56bfc062723c751e8b465ee728b)  -> (artifact id: 'f7c6ef2cbc981eabb11c99ff0885bdd1') in 0.011295 seconds
  Import took 0.014637 seconds .

========================================================================
Received Prepare
Registering precompiled user dll's ...
Registered in 0.001171 seconds.
Begin MonoManager ReloadAssembly
Native extension for WindowsStandalone target not found
Native extension for WebGL target not found
Refreshing native plugins compatible for Editor in 0.32 ms, found 0 plugins.
Preloading 0 native plugins for Editor in 0.00 ms.
Mono: successfully reloaded assembly
- Completed reload, in  0.879 seconds
Platform modules already initialized, skipping
Switching build target platform(5) subTarget(0) extendedPlatform(0) -> platform(13) subTarget(589824) extendedPlatform(0)
Refreshing native plugins compatible for Editor in 0.30 ms, found 0 plugins.
Preloading 0 native plugins for Editor in 0.00 ms.
Unloading 1199 Unused Serialized files (Serialized files now loaded: 0)
System memory in use before: 61.9 MB.
System memory in use after: 62.0 MB.

Unloading 53 unused Assets to reduce memory usage. Loaded Objects now: 1673.
Total: 1.869500 ms (FindLiveObjects: 0.172700 ms CreateObjectMapping: 0.033400 ms MarkObjects: 1.592000 ms  DeleteObjects: 0.070100 ms)

AssetImportParameters requested are different than current active one (requested -> active):
  custom:graphics/normal-map-encoding: 01000000000000000000000000000000 -> 02000000000000000000000000000000
========================================================================
Received Import Request.
  Time since last request: 51.082473 seconds.
  path: Assets/Plugins/Android
  artifactKey: Guid(e8a1612eae102d64cbb255c55b42cc89) Importer(815301076,1909f56bfc062723c751e8b465ee728b)
Start importing Assets/Plugins/Android using Guid(e8a1612eae102d64cbb255c55b42cc89) Importer(815301076,1909f56bfc062723c751e8b465ee728b)  -> (artifact id: 'cc238aa27494cc6ec45ab2cfc3cd8460') in 0.008953 seconds
  Import took 0.177449 seconds .

========================================================================
Received Import Request.
  Time since last request: 1.593635 seconds.
  path: Assets/Plugins/Android/AndroidManifest.xml
  artifactKey: Guid(52b850a603480d14e81ff7671c77801a) Importer(815301076,1909f56bfc062723c751e8b465ee728b)
Start importing Assets/Plugins/Android/AndroidManifest.xml using Guid(52b850a603480d14e81ff7671c77801a) Importer(815301076,1909f56bfc062723c751e8b465ee728b)  -> (artifact id: 'ecd98c9f85502c9f1ef7df04620faf3b') in 0.032067 seconds
  Import took 0.093151 seconds .

========================================================================
Received Import Request.
  Time since last request: 35.506227 seconds.
  path: Assets/Plugins
  artifactKey: Guid(1ddd91096b83f334487b4360fd9026d3) Importer(815301076,1909f56bfc062723c751e8b465ee728b)
Start importing Assets/Plugins using Guid(1ddd91096b83f334487b4360fd9026d3) Importer(815301076,1909f56bfc062723c751e8b465ee728b)  -> (artifact id: 'fc4d5b6a1bccd630655a716b31fc8457') in 0.013739 seconds
  Import took 0.028114 seconds .

AssetImportWorkerClient::OnTransportError - code=2 error=End of file
